<?xml version="1.0" encoding="UTF-8"?>
<!-- Generated by org.testng.reporters.JUnitReportReporter -->
<testsuite hostname="linuxlaptop" failures="0" tests="11" name="com.github.lindenb.jvarkit.util.log.ProgressFactoryTest" time="0.053" errors="0" timestamp="19 Dec 2023 14:45:03 GMT" skipped="0">
  <testcase classname="com.github.lindenb.jvarkit.util.log.ProgressFactoryTest" name="testBam01" time="0.014"/>
  <testcase classname="com.github.lindenb.jvarkit.util.log.ProgressFactoryTest" name="testBam01" time="0.005"/>
  <testcase classname="com.github.lindenb.jvarkit.util.log.ProgressFactoryTest" name="testBam01" time="0.004"/>
  <testcase classname="com.github.lindenb.jvarkit.util.log.ProgressFactoryTest" name="test02" time="0.001"/>
  <testcase classname="com.github.lindenb.jvarkit.util.log.ProgressFactoryTest" name="testBam01" time="0.007"/>
  <testcase classname="com.github.lindenb.jvarkit.util.log.ProgressFactoryTest" name="testBam01" time="0.003"/>
  <testcase classname="com.github.lindenb.jvarkit.util.log.ProgressFactoryTest" name="test01" time="0.007"/>
  <testcase classname="com.github.lindenb.jvarkit.util.log.ProgressFactoryTest" name="testBam01" time="0.000"/>
  <testcase classname="com.github.lindenb.jvarkit.util.log.ProgressFactoryTest" name="testBam01" time="0.002"/>
  <testcase classname="com.github.lindenb.jvarkit.util.log.ProgressFactoryTest" name="testBam01" time="0.004"/>
  <testcase classname="com.github.lindenb.jvarkit.util.log.ProgressFactoryTest" name="testBam01" time="0.006"/>
</testsuite> <!-- com.github.lindenb.jvarkit.util.log.ProgressFactoryTest -->
