<?xml version="1.0" encoding="UTF-8"?>
<!-- Generated by org.testng.reporters.JUnitReportReporter -->
<testsuite hostname="linuxlaptop" failures="0" tests="14" name="com.github.lindenb.jvarkit.util.vcf.AFExtractorFactoryTest" time="0.057" errors="0" timestamp="19 Dec 2023 14:45:03 GMT" skipped="0">
  <testcase classname="com.github.lindenb.jvarkit.util.vcf.AFExtractorFactoryTest" name="testValid" time="0.002"/>
  <testcase classname="com.github.lindenb.jvarkit.util.vcf.AFExtractorFactoryTest" name="testValid" time="0.008"/>
  <testcase classname="com.github.lindenb.jvarkit.util.vcf.AFExtractorFactoryTest" name="test01" time="0.000"/>
  <testcase classname="com.github.lindenb.jvarkit.util.vcf.AFExtractorFactoryTest" name="test01" time="0.000"/>
  <testcase classname="com.github.lindenb.jvarkit.util.vcf.AFExtractorFactoryTest" name="testValid" time="0.025"/>
  <testcase classname="com.github.lindenb.jvarkit.util.vcf.AFExtractorFactoryTest" name="test01" time="0.000"/>
  <testcase classname="com.github.lindenb.jvarkit.util.vcf.AFExtractorFactoryTest" name="testValid" time="0.007"/>
  <testcase classname="com.github.lindenb.jvarkit.util.vcf.AFExtractorFactoryTest" name="testValid" time="0.004"/>
  <testcase classname="com.github.lindenb.jvarkit.util.vcf.AFExtractorFactoryTest" name="test01" time="0.000"/>
  <testcase classname="com.github.lindenb.jvarkit.util.vcf.AFExtractorFactoryTest" name="testValid" time="0.004"/>
  <testcase classname="com.github.lindenb.jvarkit.util.vcf.AFExtractorFactoryTest" name="test01" time="0.000"/>
  <testcase classname="com.github.lindenb.jvarkit.util.vcf.AFExtractorFactoryTest" name="test01" time="0.000"/>
  <testcase classname="com.github.lindenb.jvarkit.util.vcf.AFExtractorFactoryTest" name="testValid" time="0.007"/>
  <testcase classname="com.github.lindenb.jvarkit.util.vcf.AFExtractorFactoryTest" name="test01" time="0.000"/>
</testsuite> <!-- com.github.lindenb.jvarkit.util.vcf.AFExtractorFactoryTest -->
