<?xml version="1.0" encoding="UTF-8"?>
<!-- Generated by org.testng.reporters.JUnitReportReporter -->
<testsuite hostname="linuxlaptop" failures="0" tests="14" name="com.github.lindenb.jvarkit.util.vcf.AFExtractorFactoryTest" time="0.037" errors="0" timestamp="04 Nov 2023 14:04:44 GMT" skipped="0">
  <testcase classname="com.github.lindenb.jvarkit.util.vcf.AFExtractorFactoryTest" name="test01" time="0.000"/>
  <testcase classname="com.github.lindenb.jvarkit.util.vcf.AFExtractorFactoryTest" name="test01" time="0.000"/>
  <testcase classname="com.github.lindenb.jvarkit.util.vcf.AFExtractorFactoryTest" name="testValid" time="0.007"/>
  <testcase classname="com.github.lindenb.jvarkit.util.vcf.AFExtractorFactoryTest" name="testValid" time="0.004"/>
  <testcase classname="com.github.lindenb.jvarkit.util.vcf.AFExtractorFactoryTest" name="test01" time="0.000"/>
  <testcase classname="com.github.lindenb.jvarkit.util.vcf.AFExtractorFactoryTest" name="test01" time="0.000"/>
  <testcase classname="com.github.lindenb.jvarkit.util.vcf.AFExtractorFactoryTest" name="testValid" time="0.011"/>
  <testcase classname="com.github.lindenb.jvarkit.util.vcf.AFExtractorFactoryTest" name="testValid" time="0.003"/>
  <testcase classname="com.github.lindenb.jvarkit.util.vcf.AFExtractorFactoryTest" name="testValid" time="0.005"/>
  <testcase classname="com.github.lindenb.jvarkit.util.vcf.AFExtractorFactoryTest" name="test01" time="0.000"/>
  <testcase classname="com.github.lindenb.jvarkit.util.vcf.AFExtractorFactoryTest" name="testValid" time="0.004"/>
  <testcase classname="com.github.lindenb.jvarkit.util.vcf.AFExtractorFactoryTest" name="testValid" time="0.002"/>
  <testcase classname="com.github.lindenb.jvarkit.util.vcf.AFExtractorFactoryTest" name="test01" time="0.001"/>
  <testcase classname="com.github.lindenb.jvarkit.util.vcf.AFExtractorFactoryTest" name="test01" time="0.000"/>
</testsuite> <!-- com.github.lindenb.jvarkit.util.vcf.AFExtractorFactoryTest -->
