<?xml version="1.0" encoding="UTF-8"?>
<!-- Generated by org.testng.reporters.JUnitReportReporter -->
<testsuite hostname="linuxlaptop" failures="0" tests="1" name="com.github.lindenb.jvarkit.util.bio.fasta.ContigNameConverterTest" time="0.003" errors="0" timestamp="19 Dec 2023 14:45:03 GMT" skipped="0">
  <testcase classname="com.github.lindenb.jvarkit.util.bio.fasta.ContigNameConverterTest" name="testFromOneDictionary" time="0.003"/>
</testsuite> <!-- com.github.lindenb.jvarkit.util.bio.fasta.ContigNameConverterTest -->
