<?xml version="1.0" encoding="UTF-8"?>
<!-- Generated by org.testng.reporters.JUnitReportReporter -->
<testsuite hostname="linuxlaptop10" failures="0" tests="24" name="com.github.lindenb.jvarkit.tools.sam4weblogo.SAM4WebLogoTest" time="0.837" errors="0" timestamp="07 Dec 2023 16:10:01 GMT" skipped="0">
  <testcase classname="com.github.lindenb.jvarkit.tools.sam4weblogo.SAM4WebLogoTest" name="testNoClip" time="0.031"/>
  <testcase classname="com.github.lindenb.jvarkit.tools.sam4weblogo.SAM4WebLogoTest" name="testNoClip" time="0.031"/>
  <testcase classname="com.github.lindenb.jvarkit.tools.sam4weblogo.SAM4WebLogoTest" name="testFastq" time="0.045"/>
  <testcase classname="com.github.lindenb.jvarkit.tools.sam4weblogo.SAM4WebLogoTest" name="testFastq" time="0.008"/>
  <testcase classname="com.github.lindenb.jvarkit.tools.sam4weblogo.SAM4WebLogoTest" name="testClip" time="0.018"/>
  <testcase classname="com.github.lindenb.jvarkit.tools.sam4weblogo.SAM4WebLogoTest" name="testFastq" time="0.025"/>
  <testcase classname="com.github.lindenb.jvarkit.tools.sam4weblogo.SAM4WebLogoTest" name="testFastq" time="0.064"/>
  <testcase classname="com.github.lindenb.jvarkit.tools.sam4weblogo.SAM4WebLogoTest" name="testNoClip" time="0.032"/>
  <testcase classname="com.github.lindenb.jvarkit.tools.sam4weblogo.SAM4WebLogoTest" name="testNoClip" time="0.001"/>
  <testcase classname="com.github.lindenb.jvarkit.tools.sam4weblogo.SAM4WebLogoTest" name="testNoClip" time="0.026"/>
  <testcase classname="com.github.lindenb.jvarkit.tools.sam4weblogo.SAM4WebLogoTest" name="testNoClip" time="0.007"/>
  <testcase classname="com.github.lindenb.jvarkit.tools.sam4weblogo.SAM4WebLogoTest" name="testClip" time="0.017"/>
  <testcase classname="com.github.lindenb.jvarkit.tools.sam4weblogo.SAM4WebLogoTest" name="testClip" time="0.053"/>
  <testcase classname="com.github.lindenb.jvarkit.tools.sam4weblogo.SAM4WebLogoTest" name="testClip" time="0.067"/>
  <testcase classname="com.github.lindenb.jvarkit.tools.sam4weblogo.SAM4WebLogoTest" name="testFastq" time="0.002"/>
  <testcase classname="com.github.lindenb.jvarkit.tools.sam4weblogo.SAM4WebLogoTest" name="testClip" time="0.150"/>
  <testcase classname="com.github.lindenb.jvarkit.tools.sam4weblogo.SAM4WebLogoTest" name="testClip" time="0.061"/>
  <testcase classname="com.github.lindenb.jvarkit.tools.sam4weblogo.SAM4WebLogoTest" name="testClip" time="0.057"/>
  <testcase classname="com.github.lindenb.jvarkit.tools.sam4weblogo.SAM4WebLogoTest" name="testFastq" time="0.048"/>
  <testcase classname="com.github.lindenb.jvarkit.tools.sam4weblogo.SAM4WebLogoTest" name="testFastq" time="0.012"/>
  <testcase classname="com.github.lindenb.jvarkit.tools.sam4weblogo.SAM4WebLogoTest" name="testFastq" time="0.033"/>
  <testcase classname="com.github.lindenb.jvarkit.tools.sam4weblogo.SAM4WebLogoTest" name="testNoClip" time="0.008"/>
  <testcase classname="com.github.lindenb.jvarkit.tools.sam4weblogo.SAM4WebLogoTest" name="testNoClip" time="0.039"/>
  <testcase classname="com.github.lindenb.jvarkit.tools.sam4weblogo.SAM4WebLogoTest" name="testClip" time="0.002"/>
</testsuite> <!-- com.github.lindenb.jvarkit.tools.sam4weblogo.SAM4WebLogoTest -->
