<?xml version="1.0" encoding="UTF-8"?>
<!-- Generated by org.testng.reporters.JUnitReportReporter -->
<testsuite hostname="linuxlaptop" failures="0" tests="24" name="com.github.lindenb.jvarkit.tools.sam4weblogo.SAM4WebLogoTest" time="1.120" errors="0" timestamp="19 Dec 2023 14:45:03 GMT" skipped="0">
  <testcase classname="com.github.lindenb.jvarkit.tools.sam4weblogo.SAM4WebLogoTest" name="testFastq" time="0.055"/>
  <testcase classname="com.github.lindenb.jvarkit.tools.sam4weblogo.SAM4WebLogoTest" name="testClip" time="0.023"/>
  <testcase classname="com.github.lindenb.jvarkit.tools.sam4weblogo.SAM4WebLogoTest" name="testFastq" time="0.082"/>
  <testcase classname="com.github.lindenb.jvarkit.tools.sam4weblogo.SAM4WebLogoTest" name="testFastq" time="0.001"/>
  <testcase classname="com.github.lindenb.jvarkit.tools.sam4weblogo.SAM4WebLogoTest" name="testClip" time="0.069"/>
  <testcase classname="com.github.lindenb.jvarkit.tools.sam4weblogo.SAM4WebLogoTest" name="testFastq" time="0.012"/>
  <testcase classname="com.github.lindenb.jvarkit.tools.sam4weblogo.SAM4WebLogoTest" name="testNoClip" time="0.001"/>
  <testcase classname="com.github.lindenb.jvarkit.tools.sam4weblogo.SAM4WebLogoTest" name="testFastq" time="0.011"/>
  <testcase classname="com.github.lindenb.jvarkit.tools.sam4weblogo.SAM4WebLogoTest" name="testFastq" time="0.089"/>
  <testcase classname="com.github.lindenb.jvarkit.tools.sam4weblogo.SAM4WebLogoTest" name="testNoClip" time="0.039"/>
  <testcase classname="com.github.lindenb.jvarkit.tools.sam4weblogo.SAM4WebLogoTest" name="testFastq" time="0.048"/>
  <testcase classname="com.github.lindenb.jvarkit.tools.sam4weblogo.SAM4WebLogoTest" name="testClip" time="0.086"/>
  <testcase classname="com.github.lindenb.jvarkit.tools.sam4weblogo.SAM4WebLogoTest" name="testNoClip" time="0.044"/>
  <testcase classname="com.github.lindenb.jvarkit.tools.sam4weblogo.SAM4WebLogoTest" name="testNoClip" time="0.048"/>
  <testcase classname="com.github.lindenb.jvarkit.tools.sam4weblogo.SAM4WebLogoTest" name="testClip" time="0.068"/>
  <testcase classname="com.github.lindenb.jvarkit.tools.sam4weblogo.SAM4WebLogoTest" name="testClip" time="0.002"/>
  <testcase classname="com.github.lindenb.jvarkit.tools.sam4weblogo.SAM4WebLogoTest" name="testFastq" time="0.075"/>
  <testcase classname="com.github.lindenb.jvarkit.tools.sam4weblogo.SAM4WebLogoTest" name="testNoClip" time="0.011"/>
  <testcase classname="com.github.lindenb.jvarkit.tools.sam4weblogo.SAM4WebLogoTest" name="testNoClip" time="0.042"/>
  <testcase classname="com.github.lindenb.jvarkit.tools.sam4weblogo.SAM4WebLogoTest" name="testClip" time="0.085"/>
  <testcase classname="com.github.lindenb.jvarkit.tools.sam4weblogo.SAM4WebLogoTest" name="testClip" time="0.146"/>
  <testcase classname="com.github.lindenb.jvarkit.tools.sam4weblogo.SAM4WebLogoTest" name="testNoClip" time="0.007"/>
  <testcase classname="com.github.lindenb.jvarkit.tools.sam4weblogo.SAM4WebLogoTest" name="testNoClip" time="0.042"/>
  <testcase classname="com.github.lindenb.jvarkit.tools.sam4weblogo.SAM4WebLogoTest" name="testClip" time="0.034"/>
</testsuite> <!-- com.github.lindenb.jvarkit.tools.sam4weblogo.SAM4WebLogoTest -->
