<?xml version="1.0" encoding="UTF-8"?>
<!-- Generated by org.testng.reporters.JUnitReportReporter -->
<testsuite hostname="linuxlaptop" failures="0" tests="2" name="com.github.lindenb.jvarkit.util.bio.SequenceDictionaryUtilsTest" time="0.009" errors="0" timestamp="04 Nov 2023 14:04:44 GMT" skipped="0">
  <testcase classname="com.github.lindenb.jvarkit.util.bio.SequenceDictionaryUtilsTest" name="testIsGRCh37" time="0.008"/>
  <testcase classname="com.github.lindenb.jvarkit.util.bio.SequenceDictionaryUtilsTest" name="testIsHuman" time="0.001"/>
</testsuite> <!-- com.github.lindenb.jvarkit.util.bio.SequenceDictionaryUtilsTest -->
