<?xml version="1.0" encoding="UTF-8"?>
<!-- Generated by org.testng.reporters.JUnitReportReporter -->
<testsuite hostname="linuxlaptop" failures="0" tests="5" name="com.github.lindenb.jvarkit.io.IOUtilsTest" time="0.292" errors="0" timestamp="19 Dec 2023 14:45:03 GMT" skipped="0">
  <testcase classname="com.github.lindenb.jvarkit.io.IOUtilsTest" name="testCompressed" time="0.000"/>
  <testcase classname="com.github.lindenb.jvarkit.io.IOUtilsTest" name="testFileSuffix" time="0.000"/>
  <testcase classname="com.github.lindenb.jvarkit.io.IOUtilsTest" name="testRemoteReader" time="0.057"/>
  <testcase classname="com.github.lindenb.jvarkit.io.IOUtilsTest" name="testRemoteInputStream" time="0.227"/>
  <testcase classname="com.github.lindenb.jvarkit.io.IOUtilsTest" name="testWrite" time="0.008"/>
</testsuite> <!-- com.github.lindenb.jvarkit.io.IOUtilsTest -->
