<?xml version="1.0" encoding="UTF-8"?>
<!-- Generated by org.testng.reporters.JUnitReportReporter -->
<testsuite hostname="linuxlaptop10" failures="0" tests="4" name="com.github.lindenb.jvarkit.util.vcf.VCFUtilsTest" time="0.002" errors="0" timestamp="07 Dec 2023 16:10:01 GMT" skipped="0">
  <testcase classname="com.github.lindenb.jvarkit.util.vcf.VCFUtilsTest" name="test03" time="0.000"/>
  <testcase classname="com.github.lindenb.jvarkit.util.vcf.VCFUtilsTest" name="test01" time="0.002"/>
  <testcase classname="com.github.lindenb.jvarkit.util.vcf.VCFUtilsTest" name="test02" time="0.000"/>
  <testcase classname="com.github.lindenb.jvarkit.util.vcf.VCFUtilsTest" name="testIsAVcf" time="0.000"/>
</testsuite> <!-- com.github.lindenb.jvarkit.util.vcf.VCFUtilsTest -->
