<?xml version="1.0" encoding="UTF-8"?>
<!-- Generated by org.testng.reporters.JUnitReportReporter -->
<testsuite hostname="linuxlaptop" failures="0" tests="4" name="com.github.lindenb.jvarkit.util.iterator.EqualRangeIteratorTest" time="0.000" errors="0" timestamp="19 Dec 2023 14:45:03 GMT" skipped="0">
  <testcase classname="com.github.lindenb.jvarkit.util.iterator.EqualRangeIteratorTest" name="test3" time="0.000"/>
  <testcase classname="com.github.lindenb.jvarkit.util.iterator.EqualRangeIteratorTest" name="test1" time="0.000"/>
  <testcase classname="com.github.lindenb.jvarkit.util.iterator.EqualRangeIteratorTest" name="test2" time="0.000"/>
  <testcase classname="com.github.lindenb.jvarkit.util.iterator.EqualRangeIteratorTest" name="testNextTarget" time="0.000"/>
</testsuite> <!-- com.github.lindenb.jvarkit.util.iterator.EqualRangeIteratorTest -->
