<?xml version="1.0" encoding="UTF-8"?>
<!-- Generated by org.testng.reporters.JUnitReportReporter -->
<testsuite hostname="linuxlaptop10" failures="0" tests="5" name="com.github.lindenb.jvarkit.io.IOUtilsTest" time="1.856" errors="0" timestamp="07 Dec 2023 16:10:01 GMT" skipped="0">
  <testcase classname="com.github.lindenb.jvarkit.io.IOUtilsTest" name="testRemoteReader" time="0.956"/>
  <testcase classname="com.github.lindenb.jvarkit.io.IOUtilsTest" name="testFileSuffix" time="0.000"/>
  <testcase classname="com.github.lindenb.jvarkit.io.IOUtilsTest" name="testRemoteInputStream" time="0.885"/>
  <testcase classname="com.github.lindenb.jvarkit.io.IOUtilsTest" name="testCompressed" time="0.000"/>
  <testcase classname="com.github.lindenb.jvarkit.io.IOUtilsTest" name="testWrite" time="0.015"/>
</testsuite> <!-- com.github.lindenb.jvarkit.io.IOUtilsTest -->
