<?xml version="1.0" encoding="UTF-8"?>
<!-- Generated by org.testng.reporters.JUnitReportReporter -->
<testsuite hostname="linuxlaptop10" failures="0" tests="1" name="com.github.lindenb.jvarkit.lang.DelegateCharSequenceTest" time="0.000" errors="0" timestamp="07 Dec 2023 16:10:01 GMT" skipped="0">
  <testcase classname="com.github.lindenb.jvarkit.lang.DelegateCharSequenceTest" name="testCharSeq" time="0.000"/>
</testsuite> <!-- com.github.lindenb.jvarkit.lang.DelegateCharSequenceTest -->
