<?xml version="1.0" encoding="UTF-8"?>
<!-- Generated by org.testng.reporters.JUnitReportReporter -->
<testsuite hostname="linuxlaptop" failures="0" tests="10" name="com.github.lindenb.jvarkit.lang.SmartComparatorTest" time="0.001" errors="0" timestamp="04 Nov 2023 14:04:44 GMT" skipped="0">
  <testcase classname="com.github.lindenb.jvarkit.lang.SmartComparatorTest" name="testEQ" time="0.000"/>
  <testcase classname="com.github.lindenb.jvarkit.lang.SmartComparatorTest" name="testLT" time="0.000"/>
  <testcase classname="com.github.lindenb.jvarkit.lang.SmartComparatorTest" name="testGE" time="0.000"/>
  <testcase classname="com.github.lindenb.jvarkit.lang.SmartComparatorTest" name="testLT" time="0.000"/>
  <testcase classname="com.github.lindenb.jvarkit.lang.SmartComparatorTest" name="testEQ" time="0.000"/>
  <testcase classname="com.github.lindenb.jvarkit.lang.SmartComparatorTest" name="testLT" time="0.000"/>
  <testcase classname="com.github.lindenb.jvarkit.lang.SmartComparatorTest" name="testGE" time="0.000"/>
  <testcase classname="com.github.lindenb.jvarkit.lang.SmartComparatorTest" name="testGE" time="0.001"/>
  <testcase classname="com.github.lindenb.jvarkit.lang.SmartComparatorTest" name="testLT" time="0.000"/>
  <testcase classname="com.github.lindenb.jvarkit.lang.SmartComparatorTest" name="testGE" time="0.000"/>
</testsuite> <!-- com.github.lindenb.jvarkit.lang.SmartComparatorTest -->
