<?xml version="1.0" encoding="UTF-8"?>
<!-- Generated by org.testng.reporters.JUnitReportReporter -->
<testsuite hostname="linuxlaptop" failures="0" tests="24" name="com.github.lindenb.jvarkit.tools.sam4weblogo.SAM4WebLogoTest" time="1.129" errors="0" timestamp="04 Nov 2023 14:04:44 GMT" skipped="0">
  <testcase classname="com.github.lindenb.jvarkit.tools.sam4weblogo.SAM4WebLogoTest" name="testFastq" time="0.001"/>
  <testcase classname="com.github.lindenb.jvarkit.tools.sam4weblogo.SAM4WebLogoTest" name="testClip" time="0.093"/>
  <testcase classname="com.github.lindenb.jvarkit.tools.sam4weblogo.SAM4WebLogoTest" name="testNoClip" time="0.047"/>
  <testcase classname="com.github.lindenb.jvarkit.tools.sam4weblogo.SAM4WebLogoTest" name="testNoClip" time="0.070"/>
  <testcase classname="com.github.lindenb.jvarkit.tools.sam4weblogo.SAM4WebLogoTest" name="testNoClip" time="0.042"/>
  <testcase classname="com.github.lindenb.jvarkit.tools.sam4weblogo.SAM4WebLogoTest" name="testNoClip" time="0.009"/>
  <testcase classname="com.github.lindenb.jvarkit.tools.sam4weblogo.SAM4WebLogoTest" name="testNoClip" time="0.013"/>
  <testcase classname="com.github.lindenb.jvarkit.tools.sam4weblogo.SAM4WebLogoTest" name="testClip" time="0.066"/>
  <testcase classname="com.github.lindenb.jvarkit.tools.sam4weblogo.SAM4WebLogoTest" name="testFastq" time="0.056"/>
  <testcase classname="com.github.lindenb.jvarkit.tools.sam4weblogo.SAM4WebLogoTest" name="testClip" time="0.074"/>
  <testcase classname="com.github.lindenb.jvarkit.tools.sam4weblogo.SAM4WebLogoTest" name="testFastq" time="0.065"/>
  <testcase classname="com.github.lindenb.jvarkit.tools.sam4weblogo.SAM4WebLogoTest" name="testNoClip" time="0.054"/>
  <testcase classname="com.github.lindenb.jvarkit.tools.sam4weblogo.SAM4WebLogoTest" name="testFastq" time="0.009"/>
  <testcase classname="com.github.lindenb.jvarkit.tools.sam4weblogo.SAM4WebLogoTest" name="testClip" time="0.019"/>
  <testcase classname="com.github.lindenb.jvarkit.tools.sam4weblogo.SAM4WebLogoTest" name="testClip" time="0.135"/>
  <testcase classname="com.github.lindenb.jvarkit.tools.sam4weblogo.SAM4WebLogoTest" name="testFastq" time="0.016"/>
  <testcase classname="com.github.lindenb.jvarkit.tools.sam4weblogo.SAM4WebLogoTest" name="testClip" time="0.053"/>
  <testcase classname="com.github.lindenb.jvarkit.tools.sam4weblogo.SAM4WebLogoTest" name="testClip" time="0.017"/>
  <testcase classname="com.github.lindenb.jvarkit.tools.sam4weblogo.SAM4WebLogoTest" name="testFastq" time="0.084"/>
  <testcase classname="com.github.lindenb.jvarkit.tools.sam4weblogo.SAM4WebLogoTest" name="testClip" time="0.002"/>
  <testcase classname="com.github.lindenb.jvarkit.tools.sam4weblogo.SAM4WebLogoTest" name="testNoClip" time="0.048"/>
  <testcase classname="com.github.lindenb.jvarkit.tools.sam4weblogo.SAM4WebLogoTest" name="testFastq" time="0.079"/>
  <testcase classname="com.github.lindenb.jvarkit.tools.sam4weblogo.SAM4WebLogoTest" name="testFastq" time="0.076"/>
  <testcase classname="com.github.lindenb.jvarkit.tools.sam4weblogo.SAM4WebLogoTest" name="testNoClip" time="0.001"/>
</testsuite> <!-- com.github.lindenb.jvarkit.tools.sam4weblogo.SAM4WebLogoTest -->
