<?xml version="1.0" encoding="UTF-8"?>
<!-- Generated by org.testng.reporters.JUnitReportReporter -->
<testsuite hostname="linuxlaptop" failures="0" tests="1" name="com.github.lindenb.jvarkit.util.bio.fasta.ContigNameConverterTest" time="0.002" errors="0" timestamp="04 Nov 2023 14:04:44 GMT" skipped="0">
  <testcase classname="com.github.lindenb.jvarkit.util.bio.fasta.ContigNameConverterTest" name="testFromOneDictionary" time="0.002"/>
</testsuite> <!-- com.github.lindenb.jvarkit.util.bio.fasta.ContigNameConverterTest -->
