<?xml version="1.0" encoding="UTF-8"?>
<!-- Generated by org.testng.reporters.JUnitReportReporter -->
<testsuite hostname="linuxlaptop" failures="0" tests="5" name="com.github.lindenb.jvarkit.io.IOUtilsTest" time="0.384" errors="0" timestamp="04 Nov 2023 14:04:44 GMT" skipped="0">
  <testcase classname="com.github.lindenb.jvarkit.io.IOUtilsTest" name="testRemoteInputStream" time="0.301"/>
  <testcase classname="com.github.lindenb.jvarkit.io.IOUtilsTest" name="testWrite" time="0.016"/>
  <testcase classname="com.github.lindenb.jvarkit.io.IOUtilsTest" name="testRemoteReader" time="0.067"/>
  <testcase classname="com.github.lindenb.jvarkit.io.IOUtilsTest" name="testCompressed" time="0.000"/>
  <testcase classname="com.github.lindenb.jvarkit.io.IOUtilsTest" name="testFileSuffix" time="0.000"/>
</testsuite> <!-- com.github.lindenb.jvarkit.io.IOUtilsTest -->
