<?xml version="1.0" encoding="UTF-8"?>
<!-- Generated by org.testng.reporters.JUnitReportReporter -->
<testsuite hostname="linuxlaptop" failures="0" tests="1" name="com.github.lindenb.jvarkit.lang.StringUtilsTest" time="0.005" errors="0" timestamp="04 Nov 2023 14:04:44 GMT" skipped="0">
  <testcase classname="com.github.lindenb.jvarkit.lang.StringUtilsTest" name="test" time="0.005"/>
</testsuite> <!-- com.github.lindenb.jvarkit.lang.StringUtilsTest -->
