<?xml version="1.0" encoding="UTF-8"?>
<!-- Generated by org.testng.reporters.JUnitReportReporter -->
<testsuite hostname="linuxlaptop10" failures="0" tests="3" name="com.github.lindenb.jvarkit.util.iterator.MergingIteratorTest" time="0.002" errors="0" timestamp="07 Dec 2023 16:10:01 GMT" skipped="0">
  <testcase classname="com.github.lindenb.jvarkit.util.iterator.MergingIteratorTest" name="test3" time="0.000"/>
  <testcase classname="com.github.lindenb.jvarkit.util.iterator.MergingIteratorTest" name="test2" time="0.001"/>
  <testcase classname="com.github.lindenb.jvarkit.util.iterator.MergingIteratorTest" name="test1" time="0.001"/>
</testsuite> <!-- com.github.lindenb.jvarkit.util.iterator.MergingIteratorTest -->
