<?xml version="1.0" encoding="UTF-8"?>
<!-- Generated by org.testng.reporters.JUnitReportReporter -->
<testsuite hostname="linuxlaptop" failures="0" tests="3" name="com.github.lindenb.jvarkit.util.samtools.ContigDictComparatorTest" time="0.004" errors="0" timestamp="04 Nov 2023 14:04:44 GMT" skipped="0">
  <testcase classname="com.github.lindenb.jvarkit.util.samtools.ContigDictComparatorTest" name="test" time="0.002"/>
  <testcase classname="com.github.lindenb.jvarkit.util.samtools.ContigDictComparatorTest" name="test" time="0.001"/>
  <testcase classname="com.github.lindenb.jvarkit.util.samtools.ContigDictComparatorTest" name="test" time="0.001"/>
</testsuite> <!-- com.github.lindenb.jvarkit.util.samtools.ContigDictComparatorTest -->
