<?xml version="1.0" encoding="UTF-8"?>
<!-- Generated by org.testng.reporters.JUnitReportReporter -->
<testsuite hostname="linuxlaptop10" failures="0" tests="2" name="com.github.lindenb.jvarkit.util.bio.SequenceDictionaryUtilsTest" time="0.026" errors="0" timestamp="07 Dec 2023 16:10:01 GMT" skipped="0">
  <testcase classname="com.github.lindenb.jvarkit.util.bio.SequenceDictionaryUtilsTest" name="testIsHuman" time="0.002"/>
  <testcase classname="com.github.lindenb.jvarkit.util.bio.SequenceDictionaryUtilsTest" name="testIsGRCh37" time="0.024"/>
</testsuite> <!-- com.github.lindenb.jvarkit.util.bio.SequenceDictionaryUtilsTest -->
