<?xml version="1.0" encoding="UTF-8"?>
<!-- Generated by org.testng.reporters.JUnitReportReporter -->
<testsuite hostname="linuxlaptop" failures="0" tests="1" name="com.github.lindenb.jvarkit.util.bio.bed.BedLineCodecTest" time="0.000" errors="0" timestamp="19 Dec 2023 14:45:03 GMT" skipped="0">
  <testcase classname="com.github.lindenb.jvarkit.util.bio.bed.BedLineCodecTest" name="test" time="0.000"/>
</testsuite> <!-- com.github.lindenb.jvarkit.util.bio.bed.BedLineCodecTest -->
